Getting asia region...
Getting europe region...
Getting atlantic region...
Getting america region...
Getting https://www.lyngsat.com/Intelsat-22.html ... (1 of 50)
[WARN] Exception occured HTTPError('522 Server Error: <none> for url: https://www.lyngsat.com/Intelsat-22.html'), will retry https://www.lyngsat.com/Intelsat-22.html later...
Getting https://www.lyngsat.com/Eutelsat-70B.html ... (2 of 50)
[WARN] Exception occured HTTPError('522 Server Error: <none> for url: https://www.lyngsat.com/Eutelsat-70B.html'), will retry https://www.lyngsat.com/Eutelsat-70B.html later...
Getting https://www.lyngsat.com/Intelsat-20-36.html ... (3 of 50)
Satellites(name=Intelsat 20/36, position=685, bands=C Ku, transponders=85, feeds=3)
Satellite(name=68.5E Ku-band Intelsat 20/36, position=685, transponders=44, feeds=0, duplicates=0)
Satellite(name=68.5E C-band Intelsat 20/36, position=686, transponders=41, feeds=0, duplicates=0)
Getting https://www.lyngsat.com/G-Sat-20.html ... (4 of 50)
Satellites(name=G-Sat 20, position=680, bands=, transponders=0, feeds=0)
Getting https://www.lyngsat.com/Intelsat-17.html ... (5 of 50)
Satellites(name=Intelsat 17, position=660, bands=C Ku, transponders=18, feeds=11)
Satellite(name=66.0E Ku-band Intelsat 17, position=660, transponders=5, feeds=0, duplicates=0)
Satellite(name=66.0E C-band Intelsat 17, position=661, transponders=13, feeds=0, duplicates=0)
Getting https://www.lyngsat.com/Amos-4.html ... (6 of 50)
Satellites(name=Amos 4, position=650, bands=Ku, transponders=5, feeds=0)
Satellite(name=65.0E Amos 4, position=650, transponders=5, feeds=0, duplicates=0)
Getting https://www.lyngsat.com/Intelsat-39.html ... (7 of 50)
[WARN] Exception occured HTTPError('525 Server Error: <none> for url: https://www.lyngsat.com/Intelsat-39.html'), will retry https://www.lyngsat.com/Intelsat-39.html later...
Getting https://www.lyngsat.com/KazSat-3.html ... (8 of 50)
[WARN] Exception occured HTTPError('522 Server Error: <none> for url: https://www.lyngsat.com/KazSat-3.html'), will retry https://www.lyngsat.com/KazSat-3.html later...
Getting https://www.lyngsat.com/Express-AT1.html ... (9 of 50)
[WARN] Exception occured HTTPError('522 Server Error: <none> for url: https://www.lyngsat.com/Express-AT1.html'), will retry https://www.lyngsat.com/Express-AT1.html later...
Getting https://www.lyngsat.com/NSS-12.html ... (10 of 50)
[WARN] Exception occured HTTPError('522 Server Error: <none> for url: https://www.lyngsat.com/NSS-12.html'), will retry https://www.lyngsat.com/NSS-12.html later...
Getting https://www.lyngsat.com/Express-AT2.html ... (11 of 50)
[WARN] Exception occured HTTPError('522 Server Error: <none> for url: https://www.lyngsat.com/Express-AT2.html'), will retry https://www.lyngsat.com/Express-AT2.html later...
Getting https://www.lyngsat.com/G-Sat-16-and-Yamal-402.html ... (12 of 50)
[WARN] Exception occured HTTPError('525 Server Error: <none> for url: https://www.lyngsat.com/G-Sat-16-and-Yamal-402.html'), will retry https://www.lyngsat.com/G-Sat-16-and-Yamal-402.html later...
Getting https://www.lyngsat.com/Express-AM6.html ... (13 of 50)
[WARN] Exception occured HTTPError('525 Server Error: <none> for url: https://www.lyngsat.com/Express-AM6.html'), will retry https://www.lyngsat.com/Express-AM6.html later...
Getting https://www.lyngsat.com/Al-Yah-1.html ... (14 of 50)
Satellites(name=Al Yah 1, position=525, bands=Ku, transponders=14, feeds=0)
Satellite(name=52.5E Al Yah 1, position=525, transponders=14, feeds=0, duplicates=0)
Getting https://www.lyngsat.com/TurkmenAlem-MonacoSat.html ... (15 of 50)
Satellites(name=TurkmenÄlem/MonacoSat, position=520, bands=Ku, transponders=22, feeds=1)
Satellite(name=52.0E TurkmenÄlem/MonacoSat, position=520, transponders=22, feeds=0, duplicates=0)
Getting https://www.lyngsat.com/Belintersat-1.html ... (16 of 50)
Satellites(name=Belintersat 1, position=515, bands=C Ku, transponders=10, feeds=1)
Satellite(name=51.5E Ku-band Belintersat 1, position=515, transponders=6, feeds=0, duplicates=0)
Satellite(name=51.5E C-band Belintersat 1, position=516, transponders=4, feeds=0, duplicates=0)
Getting https://www.lyngsat.com/Turksat-4B.html ... (17 of 50)
Satellites(name=Türksat 4B, position=500, bands=Ku, transponders=2, feeds=0)
Satellite(name=50.0E Türksat 4B, position=500, transponders=2, feeds=0, duplicates=0)
Getting https://www.lyngsat.com/Yamal-601.html ... (18 of 50)
Satellites(name=Yamal 601, position=490, bands=C, transponders=28, feeds=0)
Satellite(name=49.0E C-band Yamal 601, position=491, transponders=28, feeds=0, duplicates=0)
Getting https://www.lyngsat.com/Azerspace-1.html ... (19 of 50)
Satellites(name=Azerspace 1, position=460, bands=C Ku, transponders=32, feeds=18)
Satellite(name=46.0E Ku-band Azerspace 1, position=460, transponders=4, feeds=0, duplicates=0)
Satellite(name=46.0E C-band Azerspace 1, position=461, transponders=28, feeds=0, duplicates=0)
Getting https://www.lyngsat.com/Cosmos-2520-and-Azerspace-2-Intelsat-38.html ... (20 of 50)
Satellites(name=Cosmos 2520 & Azerspace 2/Intelsat 38, position=451, bands=C Ku, transponders=13, feeds=3)
Satellite(name=45.1E Ku-band Cosmos 2520 & Azerspace 2/Intelsat 38, position=451, transponders=10, feeds=0, duplicates=0)
Satellite(name=45.1E C-band Cosmos 2520 & Azerspace 2/Intelsat 38, position=452, transponders=3, feeds=0, duplicates=0)
Getting https://www.lyngsat.com/NigComSat-1R.html ... (21 of 50)
Satellites(name=NigComSat 1R, position=425, bands=C Ku, transponders=9, feeds=0)
Satellite(name=42.5E Ku-band NigComSat 1R, position=425, transponders=8, feeds=0, duplicates=0)
Satellite(name=42.5E C-band NigComSat 1R, position=426, transponders=1, feeds=0, duplicates=0)
Getting https://www.lyngsat.com/Turksat-3A-4A-5B-6A.html ... (22 of 50)
Satellites(name=Türksat 3A/4A/5B/6A, position=420, bands=Ku Ka, transponders=67, feeds=42)
Satellite(name=42.0E Ku-band Türksat 3A/4A/5B/6A, position=420, transponders=66, feeds=0, duplicates=0)
Satellite(name=42.0E Ka-band Türksat 3A/4A/5B/6A, position=422, transponders=1, feeds=0, duplicates=0)
Getting https://www.lyngsat.com/Express-AM7.html ... (23 of 50)
Satellites(name=Express AM7, position=400, bands=C Ku, transponders=49, feeds=0)
Satellite(name=40.0E Ku-band Express AM7, position=400, transponders=5, feeds=0, duplicates=0)
Satellite(name=40.0E C-band Express AM7, position=401, transponders=44, feeds=0, duplicates=0)
Getting https://www.lyngsat.com/Hellas-Sat-3-4.html ... (24 of 50)
Satellites(name=Hellas Sat 3/4, position=390, bands=Ku, transponders=35, feeds=22)
Satellite(name=39.0E Hellas Sat 3/4, position=390, transponders=35, feeds=0, duplicates=0)
Getting https://www.lyngsat.com/Paksat-1R-MM1.html ... (25 of 50)
[WARN] Exception occured HTTPError('525 Server Error: <none> for url: https://www.lyngsat.com/Paksat-1R-MM1.html'), will retry https://www.lyngsat.com/Paksat-1R-MM1.html later...
Getting https://www.lyngsat.com/Eutelsat-36D-and-Express-AMU1.html ... (26 of 50)
[WARN] Exception occured HTTPError('522 Server Error: <none> for url: https://www.lyngsat.com/Eutelsat-36D-and-Express-AMU1.html'), will retry https://www.lyngsat.com/Eutelsat-36D-and-Express-AMU1.html later...
Getting https://www.lyngsat.com/Jam-e-Jam-1.html ... (27 of 50)
[WARN] Exception occured HTTPError('522 Server Error: <none> for url: https://www.lyngsat.com/Jam-e-Jam-1.html'), will retry https://www.lyngsat.com/Jam-e-Jam-1.html later...
Getting https://www.lyngsat.com/Eutelsat-33F.html ... (28 of 50)
Satellites(name=Eutelsat 33F, position=330, bands=, transponders=0, feeds=8)
Getting https://www.lyngsat.com/Turksat-5A.html ... (29 of 50)
Satellites(name=Türksat 5A, position=310, bands=Ku, transponders=1, feeds=11)
Satellite(name=31.0E Türksat 5A, position=310, transponders=1, feeds=0, duplicates=0)
Getting https://www.lyngsat.com/Arabsat-5A-6A.html ... (30 of 50)
Satellites(name=Arabsat 5A/6A, position=305, bands=Ku, transponders=18, feeds=30)
Satellite(name=30.5E Arabsat 5A/6A, position=305, transponders=18, feeds=0, duplicates=0)
Getting https://www.lyngsat.com/Astra-2E-2F-2G.html ... (31 of 50)
Satellites(name=Astra 2E/2F/2G, position=282, bands=Ku, transponders=59, feeds=29)
Satellite(name=28.2E Astra 2E/2F/2G, position=282, transponders=59, feeds=0, duplicates=0)
Getting https://www.lyngsat.com/Badr-7-8-and-Eshail-2.html ... (32 of 50)
Satellites(name=Badr 7/8 & Es'hail 2, position=260, bands=C Ku, transponders=61, feeds=10)
Satellite(name=26.0E Ku-band Badr 7/8 & Es'hail 2, position=260, transponders=60, feeds=0, duplicates=0)
Satellite(name=26.0E C-band Badr 7/8 & Es'hail 2, position=261, transponders=1, feeds=0, duplicates=0)
Getting https://www.lyngsat.com/Eshail-1.html ... (33 of 50)
Satellites(name=Es'hail 1, position=255, bands=Ku Ka, transponders=15, feeds=9)
Satellite(name=25.5E Ku-band Es'hail 1, position=255, transponders=14, feeds=0, duplicates=0)
Satellite(name=25.5E Ka-band Es'hail 1, position=257, transponders=1, feeds=0, duplicates=0)
Getting https://www.lyngsat.com/Astra-3C.html ... (34 of 50)
Satellites(name=Astra 3C, position=235, bands=Ku, transponders=26, feeds=0)
Satellite(name=23.5E Astra 3C, position=235, transponders=25, feeds=0, duplicates=1)
Getting https://www.lyngsat.com/Angosat-2.html ... (35 of 50)
[WARN] Exception occured HTTPError('522 Server Error: <none> for url: https://www.lyngsat.com/Angosat-2.html'), will retry https://www.lyngsat.com/Angosat-2.html later...
Getting https://www.lyngsat.com/Eutelsat-21B.html ... (36 of 50)
[WARN] Exception occured HTTPError('522 Server Error: <none> for url: https://www.lyngsat.com/Eutelsat-21B.html'), will retry https://www.lyngsat.com/Eutelsat-21B.html later...
Getting https://www.lyngsat.com/Arabsat-5C.html ... (37 of 50)
[WARN] Exception occured HTTPError('522 Server Error: <none> for url: https://www.lyngsat.com/Arabsat-5C.html'), will retry https://www.lyngsat.com/Arabsat-5C.html later...
Getting https://www.lyngsat.com/Astra-1M.html ... (38 of 50)
[WARN] Exception occured HTTPError('522 Server Error: <none> for url: https://www.lyngsat.com/Astra-1M.html'), will retry https://www.lyngsat.com/Astra-1M.html later...
Getting https://www.lyngsat.com/Astra-1N-1P.html ... (39 of 50)
[WARN] Exception occured HTTPError('522 Server Error: <none> for url: https://www.lyngsat.com/Astra-1N-1P.html'), will retry https://www.lyngsat.com/Astra-1N-1P.html later...
Getting https://www.lyngsat.com/Astra-1KR.html ... (40 of 50)
[WARN] Exception occured HTTPError('522 Server Error: <none> for url: https://www.lyngsat.com/Astra-1KR.html'), will retry https://www.lyngsat.com/Astra-1KR.html later...
Getting https://www.lyngsat.com/Amos-17.html ... (41 of 50)
Satellites(name=Amos 17, position=170, bands=C Ku, transponders=20, feeds=0)
Satellite(name=17.0E Ku-band Amos 17, position=170, transponders=15, feeds=0, duplicates=0)
Satellite(name=17.0E C-band Amos 17, position=171, transponders=5, feeds=0, duplicates=0)
Getting https://www.lyngsat.com/Eutelsat-16A.html ... (42 of 50)
Satellites(name=Eutelsat 16A, position=160, bands=Ku Ka, transponders=67, feeds=53)
Satellite(name=16.0E Ku-band Eutelsat 16A, position=160, transponders=61, feeds=0, duplicates=0)
Satellite(name=16.0E Ka-band Eutelsat 16A, position=162, transponders=6, feeds=0, duplicates=0)
Getting https://www.lyngsat.com/Hotbird-13F-13G.html ... (43 of 50)
[WARN] Exception occured HTTPError('525 Server Error: <none> for url: https://www.lyngsat.com/Hotbird-13F-13G.html'), will retry https://www.lyngsat.com/Hotbird-13F-13G.html later...
Getting https://www.lyngsat.com/Eutelsat-10B.html ... (44 of 50)
[WARN] Exception occured HTTPError('522 Server Error: <none> for url: https://www.lyngsat.com/Eutelsat-10B.html'), will retry https://www.lyngsat.com/Eutelsat-10B.html later...
Getting https://www.lyngsat.com/Amos-3.html ... (45 of 50)
[WARN] Exception occured HTTPError('522 Server Error: <none> for url: https://www.lyngsat.com/Amos-3.html'), will retry https://www.lyngsat.com/Amos-3.html later...
Getting https://www.lyngsat.com/Eutelsat-9B-and-Ka-Sat-9A.html ... (46 of 50)
[WARN] Exception occured HTTPError('522 Server Error: <none> for url: https://www.lyngsat.com/Eutelsat-9B-and-Ka-Sat-9A.html'), will retry https://www.lyngsat.com/Eutelsat-9B-and-Ka-Sat-9A.html later...
Getting https://www.lyngsat.com/Eutelsat-7B-7C.html ... (47 of 50)
Satellites(name=Eutelsat 7B/7C, position=70, bands=Ku, transponders=26, feeds=125)
Satellite(name=7.0E Eutelsat 7B/7C, position=70, transponders=26, feeds=0, duplicates=0)
Getting https://www.lyngsat.com/Astra-4A-and-SES-5.html ... (48 of 50)
Satellites(name=Astra 4A & SES 5, position=48, bands=C Ku, transponders=44, feeds=3)
Satellite(name=4.8E Ku-band Astra 4A & SES 5, position=48, transponders=34, feeds=0, duplicates=1)
Satellite(name=4.8E C-band Astra 4A & SES 5, position=49, transponders=9, feeds=0, duplicates=0)
Getting https://www.lyngsat.com/Eutelsat-3B-and-Rascom-QAF-1R.html ... (49 of 50)
Satellites(name=Eutelsat 3B & Rascom QAF 1R, position=30, bands=C Ku, transponders=54, feeds=23)
Satellite(name=3.0E Ku-band Eutelsat 3B & Rascom QAF 1R, position=30, transponders=14, feeds=0, duplicates=0)
Satellite(name=3.0E C-band Eutelsat 3B & Rascom QAF 1R, position=31, transponders=40, feeds=0, duplicates=0)
Getting https://www.lyngsat.com/BulgariaSat-1.html ... (50 of 50)
Satellites(name=BulgariaSat 1, position=19, bands=Ku, transponders=13, feeds=1)
Satellite(name=1.9E BulgariaSat 1, position=19, transponders=13, feeds=0, duplicates=0)
Getting https://www.lyngsat.com/Intelsat-22.html ... (51 of 50)
Satellites(name=Intelsat 22, position=721, bands=C, transponders=16, feeds=0)
Satellite(name=72.1E C-band Intelsat 22, position=722, transponders=16, feeds=0, duplicates=0)
Getting https://www.lyngsat.com/Eutelsat-70B.html ... (52 of 50)
Satellites(name=Eutelsat 70B, position=705, bands=Ku, transponders=12, feeds=6)
Satellite(name=70.5E Eutelsat 70B, position=705, transponders=12, feeds=0, duplicates=0)
Getting https://www.lyngsat.com/Intelsat-39.html ... (53 of 50)
Satellites(name=Intelsat 39, position=620, bands=C Ku, transponders=28, feeds=5)
Satellite(name=62.0E Ku-band Intelsat 39, position=620, transponders=13, feeds=0, duplicates=0)
Satellite(name=62.0E C-band Intelsat 39, position=621, transponders=15, feeds=0, duplicates=0)
Getting https://www.lyngsat.com/KazSat-3.html ... (54 of 50)
Satellites(name=KazSat 3, position=585, bands=Ku, transponders=9, feeds=0)
Satellite(name=58.5E KazSat 3, position=585, transponders=9, feeds=0, duplicates=0)
Getting https://www.lyngsat.com/Express-AT1.html ... (55 of 50)
Satellites(name=Express AT1, position=585, bands=, transponders=0, feeds=0)
Getting https://www.lyngsat.com/NSS-12.html ... (56 of 50)
Satellites(name=NSS 12, position=570, bands=C Ku, transponders=21, feeds=1)
Satellite(name=57.0E Ku-band NSS 12, position=570, transponders=7, feeds=0, duplicates=0)
Satellite(name=57.0E C-band NSS 12, position=571, transponders=14, feeds=0, duplicates=0)
Getting https://www.lyngsat.com/Express-AT2.html ... (57 of 50)
Satellites(name=Express AT2, position=560, bands=Ku, transponders=13, feeds=0)
Satellite(name=56.0E Express AT2, position=560, transponders=13, feeds=0, duplicates=0)
Getting https://www.lyngsat.com/G-Sat-16-and-Yamal-402.html ... (58 of 50)
Satellites(name=G-Sat 16 & Yamal 402, position=549, bands=Ku, transponders=10, feeds=30)
Satellite(name=54.9E G-Sat 16 & Yamal 402, position=549, transponders=10, feeds=0, duplicates=0)
Getting https://www.lyngsat.com/Express-AM6.html ... (59 of 50)
Satellites(name=Express AM6, position=530, bands=Ku, transponders=26, feeds=16)
Satellite(name=53.0E Express AM6, position=530, transponders=22, feeds=0, duplicates=4)
Getting https://www.lyngsat.com/Paksat-1R-MM1.html ... (60 of 50)
Satellites(name=Paksat 1R/MM1, position=381, bands=C Ku, transponders=56, feeds=0)
Satellite(name=38.1E Ku-band Paksat 1R/MM1, position=381, transponders=1, feeds=0, duplicates=0)
Satellite(name=38.1E C-band Paksat 1R/MM1, position=382, transponders=55, feeds=0, duplicates=0)
Getting https://www.lyngsat.com/Eutelsat-36D-and-Express-AMU1.html ... (61 of 50)
Satellites(name=Eutelsat 36D & Express AMU1, position=360, bands=Ku, transponders=74, feeds=44)
Satellite(name=36.0E Eutelsat 36D & Express AMU1, position=360, transponders=74, feeds=0, duplicates=0)
Getting https://www.lyngsat.com/Jam-e-Jam-1.html ... (62 of 50)
Satellites(name=Jam-e-Jam 1, position=340, bands=, transponders=0, feeds=0)
Getting https://www.lyngsat.com/Angosat-2.html ... (63 of 50)
Satellites(name=Angosat 2, position=230, bands=, transponders=0, feeds=0)
Getting https://www.lyngsat.com/Eutelsat-21B.html ... (64 of 50)
Satellites(name=Eutelsat 21B, position=215, bands=Ku, transponders=29, feeds=61)
Satellite(name=21.5E Eutelsat 21B, position=215, transponders=29, feeds=0, duplicates=0)
Getting https://www.lyngsat.com/Arabsat-5C.html ... (65 of 50)
Satellites(name=Arabsat 5C, position=200, bands=C, transponders=7, feeds=0)
Satellite(name=20.0E C-band Arabsat 5C, position=201, transponders=7, feeds=0, duplicates=0)
Getting https://www.lyngsat.com/Astra-1M.html ... (66 of 50)
Satellites(name=Astra 1M, position=192, bands=, transponders=0, feeds=0)
Getting https://www.lyngsat.com/Astra-1N-1P.html ... (67 of 50)
Satellites(name=Astra 1N/1P, position=192, bands=Ku, transponders=91, feeds=11)
Satellite(name=19.2E Astra 1N/1P, position=192, transponders=91, feeds=0, duplicates=0)
Getting https://www.lyngsat.com/Astra-1KR.html ... (68 of 50)
Satellites(name=Astra 1KR, position=192, bands=, transponders=0, feeds=0)
Getting https://www.lyngsat.com/Hotbird-13F-13G.html ... (69 of 50)
Satellites(name=Hotbird 13F/13G, position=130, bands=Ku, transponders=73, feeds=36)
Satellite(name=13.0E Hotbird 13F/13G, position=130, transponders=73, feeds=0, duplicates=0)
Getting https://www.lyngsat.com/Eutelsat-10B.html ... (70 of 50)
Satellites(name=Eutelsat 10B, position=100, bands=C Ku, transponders=12, feeds=31)
Satellite(name=10.0E Ku-band Eutelsat 10B, position=100, transponders=3, feeds=0, duplicates=0)
Satellite(name=10.0E C-band Eutelsat 10B, position=101, transponders=9, feeds=0, duplicates=0)
Getting https://www.lyngsat.com/Amos-3.html ... (71 of 50)
Satellites(name=Amos 3, position=100, bands=, transponders=0, feeds=0)
Getting https://www.lyngsat.com/Eutelsat-9B-and-Ka-Sat-9A.html ... (72 of 50)
Satellites(name=Eutelsat 9B & Ka-Sat 9A, position=90, bands=Ku Ka, transponders=49, feeds=0)
Satellite(name=9.0E Ku-band Eutelsat 9B & Ka-Sat 9A, position=90, transponders=48, feeds=0, duplicates=0)
Satellite(name=9.0E Ka-band Eutelsat 9B & Ka-Sat 9A, position=92, transponders=1, feeds=0, duplicates=0)
Lyngsat(regions=asia-europe-atlantic-america, urls=50, satellites=61)
